Commit versions of 'question2.sh' in branch 'main':

Branch: main
Commit 1: 5a40ff3dfff68cd06178d526440897e966e295f8
Commit Message: hw ready
Date: Fri Jan 6 11:39:33 2023 +0200
----------------------
CONTENT FILE COMMITED
----------------------------
Branch: main
Commit 2: f41c3597ac90086caab1ec02f14818a7c14c2f37
Commit Message: hw ready
Date: Fri Jan 6 11:33:42 2023 +0200
----------------------
CONTENT FILE COMMITED
----------------------------
Branch: main
Commit 3: 8f119c999be02c120a658272ca1e51de9c63b8a2
Commit Message: check
Date: Fri Jan 6 11:15:56 2023 +0200
----------------------
CONTENT FILE COMMITED
----------------------------
Branch: main
Commit 4: 150f348ce81e046fedf043175e12ee0f455fedf2
Commit Message: df
Date: Fri Jan 6 10:32:33 2023 +0200
----------------------
CONTENT FILE COMMITED
----------------------------
